#
# A fatal error has been detected by the Java Runtime Environment:
#
#  EXCEPTION_ACCESS_VIOLATION (0xc0000005) at pc=0xffffffff9ac9c480, pid=6824, tid=6220
#
# JRE version: Java(TM) SE Runtime Environment (16.0.1+9) (build 16.0.1+9-24)
# Java VM: Java HotSpot(TM) 64-Bit Server VM (16.0.1+9-24, mixed mode, sharing, tiered, compressed oops, compressed class ptrs, g1 gc, windows-amd64)
# Problematic frame:
# C  0xffffffff9ac9c480
#
# No core dump will be written. Minidumps are not enabled by default on client versions of Windows
#
# If you would like to submit a bug report, please visit:
#   https://bugreport.java.com/bugreport/crash.jsp
#

---------------  S U M M A R Y ------------

Command Line: -Dapplication.home=C:\Program Files\Java\jdk-16.0.1 --add-modules=ALL-DEFAULT -Xms8m -Djdk.module.main=jdk.compiler jdk.compiler/com.sun.tools.javac.Main prime.java

Host: Intel(R) Core(TM)2 Duo CPU     E8500  @ 3.16GHz, 2 cores, 3G,  Windows 7 , 64 bit Build 7601 (6.1.7601.24384)
Time: Mon Jul  5 19:30:14 2021 India Standard Time elapsed time: 0.800859 seconds (0d 0h 0m 0s)

---------------  T H R E A D  ---------------

Current thread (0x00000000003df4c0):  JavaThread "main" [_thread_in_Java, id=6220, stack(0x0000000001f70000,0x0000000002070000)]

Stack: [0x0000000001f70000,0x0000000002070000],  sp=0x000000000206e658,  free space=1017k
Native frames: (J=compiled Java code, j=interpreted, Vv=VM code, C=native code)
C  0xffffffff9ac9c480


siginfo: EXCEPTION_ACCESS_VIOLATION (0xc0000005), data execution prevention violation at address 0xffffffff9ac9c480


Register to memory mapping:

RIP=0xffffffff9ac9c480 is an unknown value
RAX={method} {0x000000001e977570} 'fromUtf' '([BII)Lcom/sun/tools/javac/util/Name;' in 'com/sun/tools/javac/util/SharedNameTable'
RBX=0x0000000000000226 is an unknown value
RCX=0x00000000c000ebb0 is an oop: com.sun.tools.javac.util.SharedNameTable 
{0x00000000c000ebb0} - klass: 'com/sun/tools/javac/util/SharedNameTable'
RDX=0x00000000c013fb40 is an oop: [B 
{0x00000000c013fb40} - klass: {type array byte}
 - length: 131072
RSP=0x000000000206e658 is pointing into the stack for thread: 0x00000000003df4c0
RBP=0x000000000206e798 is pointing into the stack for thread: 0x00000000003df4c0
RSI=0x0000000020527720 is pointing into metadata
RDI=0x0000000000000004 is an unknown value
R8 =0x00000000000024d2 is an unknown value
R9 =0x0000000000000004 is an unknown value
R10=0x0000000800000000 is pointing into metadata
R11=0x000000000a2d0be0 is at entry_point+32 in (nmethod*)0x000000000a2d0990
R12=0x0 is NULL
R13=0x000000000206e730 is pointing into the stack for thread: 0x00000000003df4c0
R14=0x0 is NULL
R15=0x00000000003df4c0 is a thread


Registers:
RAX=0x000000001e977568, RBX=0x0000000000000226, RCX=0x00000000c000ebb0, RDX=0x00000000c013fb40
RSP=0x000000000206e658, RBP=0x000000000206e798, RSI=0x0000000020527720, RDI=0x0000000000000004
R8 =0x00000000000024d2, R9 =0x0000000000000004, R10=0x0000000800000000, R11=0x000000000a2d0be0
R12=0x0000000000000000, R13=0x000000000206e730, R14=0x0000000000000000, R15=0x00000000003df4c0
RIP=0xffffffff9ac9c480, EFLAGS=0x0000000000010202

Top of Stack: (sp=0x000000000206e658)
0x000000000206e658:   000000000a2d0c4c 000000000206e6e0
0x000000000206e668:   000000000206e6e0 0000000000000001
0x000000000206e678:   000007feeb4e6839 00000000003df4c0
0x000000000206e688:   000000000206e828 0000000000000000
0x000000000206e698:   0000000000000000 0000000800cd8258
0x000000000206e6a8:   000007feeb9207fa 000000000206e8b0
0x000000000206e6b8:   00000000003df4c0 000000000206e760
0x000000000206e6c8:   00000000c000ebb0 000024d200000004
0x000000000206e6d8:   00000000c013fb40 000000000206e748
0x000000000206e6e8:   0000000009c59512 0000000009c59512
0x000000000206e6f8:   00000000c07ef570 000000000206e700
0x000000000206e708:   0000000020409fa9 000000000206e798
0x000000000206e718:   0000000009c5966b 000000000206e798
0x000000000206e728:   0000000009c5966b 0000000000000004
0x000000000206e738:   00000000000024d2 00000000c013fb40
0x000000000206e748:   00000000c000ebb0 000000000206e750 

Instructions: (pc=0xffffffff9ac9c480)
0xffffffff9ac9c380:   ?? ?? ?? ?? ?? ?? ?? ?? ?? ?? ?? ?? ?? ?? ?? ??
0xffffffff9ac9c390:   ?? ?? ?? ?? ?? ?? ?? ?? ?? ?? ?? ?? ?? ?? ?? ??
0xffffffff9ac9c3a0:   ?? ?? ?? ?? ?? ?? ?? ?? ?? ?? ?? ?? ?? ?? ?? ??
0xffffffff9ac9c3b0:   ?? ?? ?? ?? ?? ?? ?? ?? ?? ?? ?? ?? ?? ?? ?? ??
0xffffffff9ac9c3c0:   ?? ?? ?? ?? ?? ?? ?? ?? ?? ?? ?? ?? ?? ?? ?? ??
0xffffffff9ac9c3d0:   ?? ?? ?? ?? ?? ?? ?? ?? ?? ?? ?? ?? ?? ?? ?? ??
0xffffffff9ac9c3e0:   ?? ?? ?? ?? ?? ?? ?? ?? ?? ?? ?? ?? ?? ?? ?? ??
0xffffffff9ac9c3f0:   ?? ?? ?? ?? ?? ?? ?? ?? ?? ?? ?? ?? ?? ?? ?? ??
0xffffffff9ac9c400:   ?? ?? ?? ?? ?? ?? ?? ?? ?? ?? ?? ?? ?? ?? ?? ??
0xffffffff9ac9c410:   ?? ?? ?? ?? ?? ?? ?? ?? ?? ?? ?? ?? ?? ?? ?? ??
0xffffffff9ac9c420:   ?? ?? ?? ?? ?? ?? ?? ?? ?? ?? ?? ?? ?? ?? ?? ??
0xffffffff9ac9c430:   ?? ?? ?? ?? ?? ?? ?? ?? ?? ?? ?? ?? ?? ?? ?? ??
0xffffffff9ac9c440:   ?? ?? ?? ?? ?? ?? ?? ?? ?? ?? ?? ?? ?? ?? ?? ??
0xffffffff9ac9c450:   ?? ?? ?? ?? ?? ?? ?? ?? ?? ?? ?? ?? ?? ?? ?? ??
0xffffffff9ac9c460:   ?? ?? ?? ?? ?? ?? ?? ?? ?? ?? ?? ?? ?? ?? ?? ??
0xffffffff9ac9c470:   ?? ?? ?? ?? ?? ?? ?? ?? ?? ?? ?? ?? ?? ?? ?? ??
0xffffffff9ac9c480:   ?? ?? ?? ?? ?? ?? ?? ?? ?? ?? ?? ?? ?? ?? ?? ??
0xffffffff9ac9c490:   ?? ?? ?? ?? ?? ?? ?? ?? ?? ?? ?? ?? ?? ?? ?? ??
0xffffffff9ac9c4a0:   ?? ?? ?? ?? ?? ?? ?? ?? ?? ?? ?? ?? ?? ?? ?? ??
0xffffffff9ac9c4b0:   ?? ?? ?? ?? ?? ?? ?? ?? ?? ?? ?? ?? ?? ?? ?? ??
0xffffffff9ac9c4c0:   ?? ?? ?? ?? ?? ?? ?? ?? ?? ?? ?? ?? ?? ?? ?? ??
0xffffffff9ac9c4d0:   ?? ?? ?? ?? ?? ?? ?? ?? ?? ?? ?? ?? ?? ?? ?? ??
0xffffffff9ac9c4e0:   ?? ?? ?? ?? ?? ?? ?? ?? ?? ?? ?? ?? ?? ?? ?? ??
0xffffffff9ac9c4f0:   ?? ?? ?? ?? ?? ?? ?? ?? ?? ?? ?? ?? ?? ?? ?? ??
0xffffffff9ac9c500:   ?? ?? ?? ?? ?? ?? ?? ?? ?? ?? ?? ?? ?? ?? ?? ??
0xffffffff9ac9c510:   ?? ?? ?? ?? ?? ?? ?? ?? ?? ?? ?? ?? ?? ?? ?? ??
0xffffffff9ac9c520:   ?? ?? ?? ?? ?? ?? ?? ?? ?? ?? ?? ?? ?? ?? ?? ??
0xffffffff9ac9c530:   ?? ?? ?? ?? ?? ?? ?? ?? ?? ?? ?? ?? ?? ?? ?? ??
0xffffffff9ac9c540:   ?? ?? ?? ?? ?? ?? ?? ?? ?? ?? ?? ?? ?? ?? ?? ??
0xffffffff9ac9c550:   ?? ?? ?? ?? ?? ?? ?? ?? ?? ?? ?? ?? ?? ?? ?? ??
0xffffffff9ac9c560:   ?? ?? ?? ?? ?? ?? ?? ?? ?? ?? ?? ?? ?? ?? ?? ??
0xffffffff9ac9c570:   ?? ?? ?? ?? ?? ?? ?? ?? ?? ?? ?? ?? ?? ?? ?? ?? 


Stack slot to memory mapping:
stack at sp + 0 slots: 0x000000000a2d0c4c is at entry_point+140 in (nmethod*)0x000000000a2d0990
stack at sp + 1 slots: 0x000000000206e6e0 is pointing into the stack for thread: 0x00000000003df4c0
stack at sp + 2 slots: 0x000000000206e6e0 is pointing into the stack for thread: 0x00000000003df4c0
stack at sp + 3 slots: 0x0000000000000001 is an unknown value
stack at sp + 4 slots: 0x000007feeb4e6839 jvm.dll
stack at sp + 5 slots: 0x00000000003df4c0 is a thread
stack at sp + 6 slots: 0x000000000206e828 is pointing into the stack for thread: 0x00000000003df4c0
stack at sp + 7 slots: 0x0 is NULL


---------------  P R O C E S S  ---------------

Threads class SMR info:
_java_thread_list=0x000000001e151f60, length=12, elements={
0x00000000003df4c0, 0x000000000046bea0, 0x000000000046d310, 0x000000000047f140,
0x000000001df8ef90, 0x000000001df8f8d0, 0x000000001df901e0, 0x000000001df912d0,
0x000000001df95e30, 0x000000001dfb2f40, 0x000000001e10a3c0, 0x000000001e186600
}

Java Threads: ( => current thread )
=>0x00000000003df4c0 JavaThread "main" [_thread_in_Java, id=6220, stack(0x0000000001f70000,0x0000000002070000)]
  0x000000000046bea0 JavaThread "Reference Handler" daemon [_thread_blocked, id=6628, stack(0x000000001ec10000,0x000000001ed10000)]
  0x000000000046d310 JavaThread "Finalizer" daemon [_thread_blocked, id=6332, stack(0x000000001eee0000,0x000000001efe0000)]
  0x000000000047f140 JavaThread "Signal Dispatcher" daemon [_thread_blocked, id=6424, stack(0x000000001efe0000,0x000000001f0e0000)]
  0x000000001df8ef90 JavaThread "Attach Listener" daemon [_thread_blocked, id=6668, stack(0x000000001f1c0000,0x000000001f2c0000)]
  0x000000001df8f8d0 JavaThread "Service Thread" daemon [_thread_blocked, id=4656, stack(0x000000001edb0000,0x000000001eeb0000)]
  0x000000001df901e0 JavaThread "Monitor Deflation Thread" daemon [_thread_blocked, id=5328, stack(0x000000001f480000,0x000000001f580000)]
  0x000000001df912d0 JavaThread "C2 CompilerThread0" daemon [_thread_blocked, id=6360, stack(0x000000001f2c0000,0x000000001f3c0000)]
  0x000000001df95e30 JavaThread "C1 CompilerThread0" daemon [_thread_blocked, id=6392, stack(0x000000001f680000,0x000000001f780000)]
  0x000000001dfb2f40 JavaThread "Sweeper thread" daemon [_thread_blocked, id=4660, stack(0x000000001f830000,0x000000001f930000)]
  0x000000001e10a3c0 JavaThread "Common-Cleaner" daemon [_thread_blocked, id=6428, stack(0x000000001fa20000,0x000000001fb20000)]
  0x000000001e186600 JavaThread "Notification Thread" daemon [_thread_blocked, id=5976, stack(0x000000001fce0000,0x000000001fde0000)]

Other Threads:
  0x0000000000466590 VMThread "VM Thread" [stack: 0x000000001e210000,0x000000001e310000] [id=6676]
  0x000000001e186b20 WatcherThread [stack: 0x00000000202d0000,0x00000000203d0000] [id=5360]
  0x0000000000418610 GCTaskThread "GC Thread#0" [stack: 0x000000001b7a0000,0x000000001b8a0000] [id=2400]
  0x000000001fec40c0 GCTaskThread "GC Thread#1" [stack: 0x000000001fb20000,0x000000001fc20000] [id=5940]
  0x0000000000421420 ConcurrentGCThread "G1 Main Marker" [stack: 0x000000001ba10000,0x000000001bb10000] [id=6264]
  0x0000000000423e20 ConcurrentGCThread "G1 Conc#0" [stack: 0x000000001b660000,0x000000001b760000] [id=6804]
  0x0000000000436060 ConcurrentGCThread "G1 Refine#0" [stack: 0x000000001dcd0000,0x000000001ddd0000] [id=6200]
  0x0000000000437a70 ConcurrentGCThread "G1 Service" [stack: 0x000000001ddf0000,0x000000001def0000] [id=5576]

Threads with active compile tasks:

VM state: not at safepoint (normal execution)

VM Mutex/Monitor currently owned by a thread: None

Heap address: 0x00000000c0000000, size: 1024 MB, Compressed Oops mode: 32-bit

CDS archive(s) mapped at: [0x0000000800000000-0x0000000800bb0000-0x0000000800bb0000), size 12255232, SharedBaseAddress: 0x0000000800000000, ArchiveRelocationMode: 0.
Compressed class space mapped at: 0x0000000800c00000-0x0000000840c00000, reserved size: 1073741824
Narrow klass base: 0x0000000800000000, Narrow klass shift: 3, Narrow klass range: 0x100000000

GC Precious Log:
 CPUs: 2 total, 2 available
 Memory: 4094M
 Large Page Support: Disabled
 NUMA Support: Disabled
 Compressed Oops: Enabled (32-bit)
 Heap Region Size: 1M
 Heap Min Capacity: 8M
 Heap Initial Capacity: 8M
 Heap Max Capacity: 1G
 Pre-touch: Disabled
 Parallel Workers: 2
 Concurrent Workers: 1
 Concurrent Refinement Workers: 2
 Periodic GC: Disabled

Heap:
 garbage-first heap   total 8192K, used 2263K [0x00000000c0000000, 0x0000000100000000)
  region size 1024K, 2 young (2048K), 1 survivors (1024K)
 Metaspace       used 7606K, committed 7744K, reserved 1064960K
  class space    used 876K, committed 960K, reserved 1048576K

Heap Regions: E=young(eden), S=young(survivor), O=old, HS=humongous(starts), HC=humongous(continues), CS=collection set, F=free, OA=open archive, CA=closed archive, TAMS=top-at-mark-start (previous, next)
|   0|0x00000000c0000000, 0x00000000c0100000, 0x00000000c0100000|100%| O|  |TAMS 0x00000000c0000000, 0x00000000c0000000| Untracked 
|   1|0x00000000c0100000, 0x00000000c0188200, 0x00000000c0200000| 53%| O|  |TAMS 0x00000000c0100000, 0x00000000c0100000| Untracked 
|   2|0x00000000c0200000, 0x00000000c0200000, 0x00000000c0300000|  0%| F|  |TAMS 0x00000000c0200000, 0x00000000c0200000| Untracked 
|   3|0x00000000c0300000, 0x00000000c0300000, 0x00000000c0400000|  0%| F|  |TAMS 0x00000000c0300000, 0x00000000c0300000| Untracked 
|   4|0x00000000c0400000, 0x00000000c0400000, 0x00000000c0500000|  0%| F|  |TAMS 0x00000000c0400000, 0x00000000c0400000| Untracked 
|   5|0x00000000c0500000, 0x00000000c0500000, 0x00000000c0600000|  0%| F|  |TAMS 0x00000000c0500000, 0x00000000c0500000| Untracked 
|   6|0x00000000c0600000, 0x00000000c06adb50, 0x00000000c0700000| 67%| S|CS|TAMS 0x00000000c0600000, 0x00000000c0600000| Complete 
|   7|0x00000000c0700000, 0x00000000c07f0bb0, 0x00000000c0800000| 94%| E|  |TAMS 0x00000000c0700000, 0x00000000c0700000| Complete 

Card table byte_map: [0x0000000019250000,0x0000000019450000] _byte_map_base: 0x0000000018c50000

Marking Bits (Prev, Next): (CMBitMap*) 0x0000000000418c10, (CMBitMap*) 0x0000000000418c50
 Prev Bits: [0x0000000019650000, 0x000000001a650000)
 Next Bits: [0x000000001a650000, 0x000000001b650000)

Polling page: 0x0000000000330000

Metaspace:

Usage:
  Non-class:      6.57 MB used.
      Class:    876.60 KB used.
       Both:      7.43 MB used.

Virtual space:
  Non-class space:       16.00 MB reserved,       6.63 MB ( 41%) committed,  2 nodes.
      Class space:        1.00 GB reserved,     960.00 KB ( <1%) committed,  1 nodes.
              Both:        1.02 GB reserved,       7.56 MB ( <1%) committed. 

Chunk freelists:
   Non-Class:  2.77 MB
       Class:  2.98 MB
        Both:  5.75 MB

MaxMetaspaceSize: 17179869184.00 GB
CompressedClassSpaceSize: 1.00 GB
 - commit_granule_bytes: 65536.
 - commit_granule_words: 8192.
 - virtual_space_node_default_size: 1048576.
 - enlarge_chunks_in_place: 1.
 - new_chunks_are_fully_committed: 0.
 - uncommit_free_chunks: 1.
 - use_allocation_guard: 0.
 - handle_deallocations: 1.


Internal statistics:

num_allocs_failed_limit: 0.
num_arena_births: 58.
num_arena_deaths: 0.
num_vsnodes_births: 3.
num_vsnodes_deaths: 0.
num_space_committed: 121.
num_space_uncommitted: 0.
num_chunks_returned_to_freelist: 0.
num_chunks_taken_from_freelist: 310.
num_chunk_merges: 0.
num_chunk_splits: 227.
num_chunks_enlarged: 179.
num_purges: 0.

CodeHeap 'non-profiled nmethods': size=120064Kb used=228Kb max_used=228Kb free=119835Kb
 bounds [0x0000000011710000, 0x0000000011980000, 0x0000000018c50000]
CodeHeap 'profiled nmethods': size=120000Kb used=1104Kb max_used=1104Kb free=118895Kb
 bounds [0x000000000a1e0000, 0x000000000a450000, 0x0000000011710000]
CodeHeap 'non-nmethods': size=5696Kb used=1133Kb max_used=1148Kb free=4562Kb
 bounds [0x0000000009c50000, 0x0000000009ec0000, 0x000000000a1e0000]
 total_blobs=1130 nmethods=716 adapters=328
 compilation: enabled
              stopped_count=0, restarted_count=0
 full_count=0

Compilation events (20 events):
Event: 0.785 Thread 0x000000001df95e30  706       3       com.sun.tools.javac.jvm.PoolReader$ImmutablePoolHelper::checkIndex (63 bytes)
Event: 0.786 Thread 0x000000001df912d0  712       4       com.sun.tools.javac.util.List::nil (4 bytes)
Event: 0.786 Thread 0x000000001df912d0 nmethod 712 0x0000000011748890 code [0x0000000011748a00, 0x0000000011748a58]
Event: 0.787 Thread 0x000000001df912d0  713       4       com.sun.tools.javac.util.Name$Table::hashValue (36 bytes)
Event: 0.787 Thread 0x000000001df95e30 nmethod 706 0x000000000a2ed610 code [0x000000000a2ed860, 0x000000000a2ee508]
Event: 0.787 Thread 0x000000001df95e30  708       3       com.sun.tools.javac.jvm.PoolReader$ImmutablePoolHelper::offset (11 bytes)
Event: 0.787 Thread 0x000000001df95e30 nmethod 708 0x000000000a2ee910 code [0x000000000a2eeac0, 0x000000000a2eec28]
Event: 0.787 Thread 0x000000001df95e30  711       3       com.sun.tools.javac.util.List::of (12 bytes)
Event: 0.787 Thread 0x000000001df95e30 nmethod 711 0x000000000a2eed10 code [0x000000000a2eeee0, 0x000000000a2ef278]
Event: 0.787 Thread 0x000000001df95e30  709       3       jdk.internal.jimage.ImageBufferCache$2::compare (13 bytes)
Event: 0.787 Thread 0x000000001df95e30 nmethod 709 0x000000000a2ef410 code [0x000000000a2ef600, 0x000000000a2efb78]
Event: 0.787 Thread 0x000000001df95e30  710       3       java.lang.invoke.MemberName::checkForTypeAlias (172 bytes)
Event: 0.789 Thread 0x000000001df95e30 nmethod 710 0x000000000a2efd10 code [0x000000000a2f0180, 0x000000000a2f2078]
Event: 0.789 Thread 0x000000001df95e30  714       3       com.sun.tools.javac.jvm.ClassReader::nextChar (24 bytes)
Event: 0.789 Thread 0x000000001df95e30 nmethod 714 0x000000000a2f2910 code [0x000000000a2f2ac0, 0x000000000a2f2cb8]
Event: 0.790 Thread 0x000000001df95e30  715       3       com.sun.tools.javac.util.ListBuffer::append (66 bytes)
Event: 0.790 Thread 0x000000001df95e30 nmethod 715 0x000000000a2f2e10 code [0x000000000a2f3040, 0x000000000a2f3898]
Event: 0.790 Thread 0x000000001df95e30  716       3       com.sun.tools.javac.util.List::prepend (10 bytes)
Event: 0.790 Thread 0x000000001df95e30 nmethod 716 0x000000000a2f3b90 code [0x000000000a2f3d40, 0x000000000a2f4078]
Event: 0.790 Thread 0x000000001df912d0 nmethod 713 0x0000000011748b90 code [0x0000000011748d20, 0x0000000011748fd8]

GC Heap History (8 events):
Event: 0.422 GC heap before
{Heap before GC invocations=0 (full 0):
 garbage-first heap   total 8192K, used 2048K [0x00000000c0000000, 0x0000000100000000)
  region size 1024K, 3 young (3072K), 0 survivors (0K)
 Metaspace       used 2628K, committed 2752K, reserved 1056768K
  class space    used 336K, committed 384K, reserved 1048576K
}
Event: 0.438 GC heap after
{Heap after GC invocations=1 (full 0):
 garbage-first heap   total 8192K, used 1081K [0x00000000c0000000, 0x0000000100000000)
  region size 1024K, 1 young (1024K), 1 survivors (1024K)
 Metaspace       used 2628K, committed 2752K, reserved 1056768K
  class space    used 336K, committed 384K, reserved 1048576K
}
Event: 0.542 GC heap before
{Heap before GC invocations=1 (full 0):
 garbage-first heap   total 8192K, used 2105K [0x00000000c0000000, 0x0000000100000000)
  region size 1024K, 2 young (2048K), 1 survivors (1024K)
 Metaspace       used 4547K, committed 4736K, reserved 1056768K
  class space    used 550K, committed 640K, reserved 1048576K
}
Event: 0.546 GC heap after
{Heap after GC invocations=2 (full 0):
 garbage-first heap   total 8192K, used 1616K [0x00000000c0000000, 0x0000000100000000)
  region size 1024K, 1 young (1024K), 1 survivors (1024K)
 Metaspace       used 4547K, committed 4736K, reserved 1056768K
  class space    used 550K, committed 640K, reserved 1048576K
}
Event: 0.624 GC heap before
{Heap before GC invocations=2 (full 0):
 garbage-first heap   total 8192K, used 2640K [0x00000000c0000000, 0x0000000100000000)
  region size 1024K, 2 young (2048K), 1 survivors (1024K)
 Metaspace       used 5765K, committed 5952K, reserved 1064960K
  class space    used 682K, committed 768K, reserved 1048576K
}
Event: 0.625 GC heap after
{Heap after GC invocations=3 (full 0):
 garbage-first heap   total 8192K, used 2019K [0x00000000c0000000, 0x0000000100000000)
  region size 1024K, 1 young (1024K), 1 survivors (1024K)
 Metaspace       used 5765K, committed 5952K, reserved 1064960K
  class space    used 682K, committed 768K, reserved 1048576K
}
Event: 0.722 GC heap before
{Heap before GC invocations=3 (full 0):
 garbage-first heap   total 8192K, used 3043K [0x00000000c0000000, 0x0000000100000000)
  region size 1024K, 2 young (2048K), 1 survivors (1024K)
 Metaspace       used 7351K, committed 7488K, reserved 1064960K
  class space    used 848K, committed 896K, reserved 1048576K
}
Event: 0.725 GC heap after
{Heap after GC invocations=4 (full 0):
 garbage-first heap   total 8192K, used 2263K [0x00000000c0000000, 0x0000000100000000)
  region size 1024K, 1 young (1024K), 1 survivors (1024K)
 Metaspace       used 7351K, committed 7488K, reserved 1064960K
  class space    used 848K, committed 896K, reserved 1048576K
}

Deoptimization events (20 events):
Event: 0.237 Thread 0x00000000003df4c0 Uncommon trap: trap_request=0xffffff45 fr.pc=0x000000001171c5c8 relative=0x0000000000000848
Event: 0.237 Thread 0x00000000003df4c0 Uncommon trap: reason=unstable_if action=reinterpret pc=0x000000001171c5c8 method=java.util.HashMap.putVal(ILjava/lang/Object;Ljava/lang/Object;ZZ)Ljava/lang/Object; @ 181 c2
Event: 0.238 Thread 0x00000000003df4c0 DEOPT PACKING pc=0x000000001171c5c8 sp=0x000000000206eeb0
Event: 0.238 Thread 0x00000000003df4c0 DEOPT UNPACKING pc=0x0000000009c9d728 sp=0x000000000206ee40 mode 2
Event: 0.413 Thread 0x00000000003df4c0 DEOPT PACKING pc=0x000000000a214367 sp=0x0000000002069270
Event: 0.413 Thread 0x00000000003df4c0 DEOPT UNPACKING pc=0x0000000009c9deaf sp=0x0000000002068690 mode 0
Event: 0.471 Thread 0x00000000003df4c0 DEOPT PACKING pc=0x000000000a20b551 sp=0x000000000206aac0
Event: 0.471 Thread 0x00000000003df4c0 DEOPT UNPACKING pc=0x0000000009c9deaf sp=0x0000000002069f38 mode 0
Event: 0.641 Thread 0x00000000003df4c0 Uncommon trap: trap_request=0xffffff45 fr.pc=0x0000000011732b9c relative=0x000000000000017c
Event: 0.641 Thread 0x00000000003df4c0 Uncommon trap: reason=unstable_if action=reinterpret pc=0x0000000011732b9c method=java.lang.String.regionMatches(ILjava/lang/String;II)Z @ 115 c2
Event: 0.641 Thread 0x00000000003df4c0 DEOPT PACKING pc=0x0000000011732b9c sp=0x000000000206e470
Event: 0.641 Thread 0x00000000003df4c0 DEOPT UNPACKING pc=0x0000000009c9d728 sp=0x000000000206e3e8 mode 2
Event: 0.646 Thread 0x00000000003df4c0 Uncommon trap: trap_request=0xffffff45 fr.pc=0x000000001171f104 relative=0x0000000000000064
Event: 0.646 Thread 0x00000000003df4c0 Uncommon trap: reason=unstable_if action=reinterpret pc=0x000000001171f104 method=java.nio.Buffer.hasRemaining()Z @ 8 c2
Event: 0.646 Thread 0x00000000003df4c0 DEOPT PACKING pc=0x000000001171f104 sp=0x000000000206e800
Event: 0.646 Thread 0x00000000003df4c0 DEOPT UNPACKING pc=0x0000000009c9d728 sp=0x000000000206e798 mode 2
Event: 0.674 Thread 0x00000000003df4c0 Uncommon trap: trap_request=0xffffff45 fr.pc=0x0000000011733a58 relative=0x0000000000000418
Event: 0.674 Thread 0x00000000003df4c0 Uncommon trap: reason=unstable_if action=reinterpret pc=0x0000000011733a58 method=java.lang.StringLatin1.replace([BCC)Ljava/lang/String; @ 19 c2
Event: 0.674 Thread 0x00000000003df4c0 DEOPT PACKING pc=0x0000000011733a58 sp=0x000000000206f080
Event: 0.674 Thread 0x00000000003df4c0 DEOPT UNPACKING pc=0x0000000009c9d728 sp=0x000000000206f000 mode 2

Classes unloaded (0 events):
No events

Classes redefined (0 events):
No events

Internal exceptions (16 events):
Event: 0.140 Thread 0x00000000003df4c0 Exception <a 'java/lang/NoSuchMethodError'{0x00000000c0691bf0}: 'java.lang.Object java.lang.invoke.DirectMethodHandle$Holder.invokeStatic(java.lang.Object)'> (0x00000000c0691bf0) 
thrown [t:\workspace\open\src\hotspot\share\interpreter\linkResolver.cpp, line 790]
Event: 0.178 Thread 0x00000000003df4c0 Exception <a 'java/lang/NoSuchMethodError'{0x00000000c06ff898}: 'void java.lang.invoke.DirectMethodHandle$Holder.invokeSpecial(java.lang.Object, java.lang.Object, java.lang.Object)'> (0x00000000c06ff898) 
thrown [t:\workspace\open\src\hotspot\share\interpreter\linkResolver.cpp, line 790]
Event: 0.240 Thread 0x00000000003df4c0 Exception <a 'java/lang/NoSuchMethodError'{0x00000000c054bf10}: 'int java.lang.invoke.DirectMethodHandle$Holder.invokeVirtual(java.lang.Object, java.lang.Object, java.lang.Object)'> (0x00000000c054bf10) 
thrown [t:\workspace\open\src\hotspot\share\interpreter\linkResolver.cpp, line 790]
Event: 0.242 Thread 0x00000000003df4c0 Exception <a 'java/lang/NoSuchMethodError'{0x00000000c0552a68}: 'void java.lang.invoke.DirectMethodHandle$Holder.invokeInterface(java.lang.Object, java.lang.Object, java.lang.Object)'> (0x00000000c0552a68) 
thrown [t:\workspace\open\src\hotspot\share\interpreter\linkResolver.cpp, line 790]
Event: 0.501 Thread 0x00000000003df4c0 Exception <a 'java/lang/NoSuchMethodError'{0x00000000c07b4ef0}: 'int java.lang.invoke.DirectMethodHandle$Holder.invokeStaticInit(java.lang.Object, java.lang.Object)'> (0x00000000c07b4ef0) 
thrown [t:\workspace\open\src\hotspot\share\interpreter\linkResolver.cpp, line 790]
Event: 0.594 Thread 0x00000000003df4c0 Exception <a 'java/lang/NoSuchMethodError'{0x00000000c077f9a8}: 'int java.lang.invoke.DirectMethodHandle$Holder.invokeVirtual(java.lang.Object, java.lang.Object)'> (0x00000000c077f9a8) 
thrown [t:\workspace\open\src\hotspot\share\interpreter\linkResolver.cpp, line 790]
Event: 0.601 Thread 0x00000000003df4c0 Exception <a 'java/lang/NoSuchMethodError'{0x00000000c07a8a70}: 'java.lang.Object java.lang.invoke.DirectMethodHandle$Holder.newInvokeSpecial(java.lang.Object, java.lang.Object, java.lang.Object, java.lang.Object, java.lang.Object)'> (0x00000000c07a8a70) 
thrown [t:\workspace\open\src\hotspot\share\interpreter\linkResolver.cpp, line 790]
Event: 0.605 Thread 0x00000000003df4c0 Exception <a 'java/lang/NoSuchMethodError'{0x00000000c07b8c58}: 'java.lang.Object java.lang.invoke.DirectMethodHandle$Holder.newInvokeSpecial(java.lang.Object, java.lang.Object, java.lang.Object, java.lang.Object, java.lang.Object, java.lang.Object)'> (0x00000000c07b8c58) 
thrown [t:\workspace\open\src\hotspot\share\interpreter\linkResolver.cpp, line 790]
Event: 0.631 Thread 0x00000000003df4c0 Exception <a 'java/lang/NoSuchMethodError'{0x00000000c070f7e0}: 'java.lang.Object java.lang.invoke.DirectMethodHandle$Holder.invokeVirtual(java.lang.Object, java.lang.Object, java.lang.Object)'> (0x00000000c070f7e0) 
thrown [t:\workspace\open\src\hotspot\share\interpreter\linkResolver.cpp, line 790]
Event: 0.634 Thread 0x00000000003df4c0 Exception <a 'java/lang/NoSuchMethodError'{0x00000000c071b050}: 'int java.lang.invoke.DirectMethodHandle$Holder.invokeInterface(java.lang.Object, java.lang.Object)'> (0x00000000c071b050) 
thrown [t:\workspace\open\src\hotspot\share\interpreter\linkResolver.cpp, line 790]
Event: 0.635 Thread 0x00000000003df4c0 Exception <a 'sun/nio/fs/WindowsException'{0x00000000c0721b68}> (0x00000000c0721b68) 
thrown [t:\workspace\open\src\hotspot\share\prims\jni.cpp, line 579]
Event: 0.635 Thread 0x00000000003df4c0 Exception <a 'sun/nio/fs/WindowsException'{0x00000000c0721f10}> (0x00000000c0721f10) 
thrown [t:\workspace\open\src\hotspot\share\prims\jni.cpp, line 579]
Event: 0.647 Thread 0x00000000003df4c0 Exception <a 'java/lang/NoSuchMethodError'{0x00000000c0743cf8}: 'java.lang.Object java.lang.invoke.DirectMethodHandle$Holder.invokeStaticInit(java.lang.Object)'> (0x00000000c0743cf8) 
thrown [t:\workspace\open\src\hotspot\share\interpreter\linkResolver.cpp, line 790]
Event: 0.773 Thread 0x00000000003df4c0 Exception <a 'java/lang/NoSuchMethodError'{0x00000000c07b7f70}: 'java.lang.Object java.lang.invoke.DirectMethodHandle$Holder.invokeVirtual(java.lang.Object, java.lang.Object, java.lang.Object, int, int)'> (0x00000000c07b7f70) 
thrown [t:\workspace\open\src\hotspot\share\interpreter\linkResolver.cpp, line 790]
Event: 0.774 Thread 0x00000000003df4c0 Exception <a 'java/lang/NoSuchMethodError'{0x00000000c07bf310}: 'java.lang.Object java.lang.invoke.DirectMethodHandle$Holder.invokeVirtual(java.lang.Object, java.lang.Object, int)'> (0x00000000c07bf310) 
thrown [t:\workspace\open\src\hotspot\share\interpreter\linkResolver.cpp, line 790]
Event: 0.779 Thread 0x00000000003df4c0 Exception <a 'java/lang/NoSuchMethodError'{0x00000000c07c94a0}: 'java.lang.Object java.lang.invoke.DirectMethodHandle$Holder.invokeSpecial(java.lang.Object, java.lang.Object, java.lang.Object, int, int)'> (0x00000000c07c94a0) 
thrown [t:\workspace\open\src\hotspot\share\interpreter\linkResolver.cpp, line 790]

Events (20 events):
Event: 0.729 loading class java/util/Collections$SingletonList
Event: 0.729 loading class java/util/Collections$SingletonList done
Event: 0.742 loading class java/util/LinkedHashMap$LinkedValues
Event: 0.742 loading class java/util/LinkedHashMap$LinkedValues done
Event: 0.742 loading class java/util/LinkedHashMap$LinkedValueIterator
Event: 0.742 loading class java/util/LinkedHashMap$LinkedValueIterator done
Event: 0.742 loading class java/util/regex/Pattern$Bound
Event: 0.742 loading class java/util/regex/Pattern$Bound done
Event: 0.771 loading class java/util/BitSet
Event: 0.771 loading class java/util/BitSet done
Event: 0.783 loading class java/util/stream/MatchOps$MatchKind
Event: 0.783 loading class java/util/stream/MatchOps$MatchKind done
Event: 0.783 loading class java/util/stream/MatchOps
Event: 0.783 loading class java/util/stream/MatchOps done
Event: 0.783 loading class java/util/stream/MatchOps$MatchOp
Event: 0.783 loading class java/util/stream/MatchOps$MatchOp done
Event: 0.783 loading class java/util/stream/MatchOps$BooleanTerminalSink
Event: 0.783 loading class java/util/stream/MatchOps$BooleanTerminalSink done
Event: 0.784 loading class java/util/stream/MatchOps$1MatchSink
Event: 0.784 loading class java/util/stream/MatchOps$1MatchSink done


Dynamic libraries:
0x000000013f9e0000 - 0x000000013f9e8000 	C:\Program Files\Java\jdk-16.0.1\bin\javac.exe
0x0000000077c40000 - 0x0000000077ddf000 	C:\Windows\SYSTEM32\ntdll.dll
0x0000000077a20000 - 0x0000000077b3f000 	C:\Windows\system32\kernel32.dll
0x000007fefdb80000 - 0x000007fefdbea000 	C:\Windows\system32\KERNELBASE.dll
0x000007fef00a0000 - 0x000007fef00b8000 	C:\Program Files\Java\jdk-16.0.1\bin\jli.dll
0x000007feff520000 - 0x000007feff5fb000 	C:\Windows\system32\ADVAPI32.dll
0x000007fefdf00000 - 0x000007fefdf9f000 	C:\Windows\system32\msvcrt.dll
0x000007fefdda0000 - 0x000007fefddbf000 	C:\Windows\SYSTEM32\sechost.dll
0x000007feff090000 - 0x000007feff1bc000 	C:\Windows\system32\RPCRT4.dll
0x000007fefb990000 - 0x000007fefbb84000 	C:\Windows\WinSxS\amd64_microsoft.windows.common-controls_6595b64144ccf1df_6.0.7601.18837_none_fa3b1e3d17594757\COMCTL32.dll
0x000007feffec0000 - 0x000007fefff27000 	C:\Windows\system32\GDI32.dll
0x0000000077b40000 - 0x0000000077c3a000 	C:\Windows\system32\USER32.dll
0x000007feff220000 - 0x000007feff22e000 	C:\Windows\system32\LPK.dll
0x000007feffc10000 - 0x000007feffcdb000 	C:\Windows\system32\USP10.dll
0x000007fefe1a0000 - 0x000007fefe211000 	C:\Windows\system32\SHLWAPI.dll
0x000007fefcc00000 - 0x000007fefcc0c000 	C:\Windows\system32\VERSION.dll
0x000007fef0080000 - 0x000007fef0099000 	C:\Program Files\Java\jdk-16.0.1\bin\VCRUNTIME140.dll
0x000007fef0070000 - 0x000007fef0074000 	C:\Program Files\Java\jdk-16.0.1\bin\api-ms-win-crt-runtime-l1-1-0.dll
0x000007feeec30000 - 0x000007feeed2a000 	C:\Program Files\Java\jdk-16.0.1\bin\ucrtbase.DLL
0x000007feefb90000 - 0x000007feefb93000 	C:\Program Files\Java\jdk-16.0.1\bin\api-ms-win-core-localization-l1-2-0.dll
0x000007feefb80000 - 0x000007feefb83000 	C:\Program Files\Java\jdk-16.0.1\bin\api-ms-win-core-processthreads-l1-1-1.dll
0x000007feefb70000 - 0x000007feefb73000 	C:\Program Files\Java\jdk-16.0.1\bin\api-ms-win-core-file-l1-2-0.dll
0x000007feefb60000 - 0x000007feefb63000 	C:\Program Files\Java\jdk-16.0.1\bin\api-ms-win-core-timezone-l1-1-0.dll
0x000007feefb50000 - 0x000007feefb53000 	C:\Program Files\Java\jdk-16.0.1\bin\api-ms-win-core-file-l2-1-0.dll
0x000007feef870000 - 0x000007feef873000 	C:\Program Files\Java\jdk-16.0.1\bin\api-ms-win-core-synch-l1-2-0.dll
0x000007feef860000 - 0x000007feef863000 	C:\Program Files\Java\jdk-16.0.1\bin\api-ms-win-crt-heap-l1-1-0.dll
0x000007feef850000 - 0x000007feef854000 	C:\Program Files\Java\jdk-16.0.1\bin\api-ms-win-crt-string-l1-1-0.dll
0x000007feef840000 - 0x000007feef844000 	C:\Program Files\Java\jdk-16.0.1\bin\api-ms-win-crt-stdio-l1-1-0.dll
0x000007feef830000 - 0x000007feef834000 	C:\Program Files\Java\jdk-16.0.1\bin\api-ms-win-crt-convert-l1-1-0.dll
0x000007feef820000 - 0x000007feef823000 	C:\Program Files\Java\jdk-16.0.1\bin\api-ms-win-crt-environment-l1-1-0.dll
0x000007feef810000 - 0x000007feef813000 	C:\Program Files\Java\jdk-16.0.1\bin\api-ms-win-crt-filesystem-l1-1-0.dll
0x000007feef800000 - 0x000007feef805000 	C:\Program Files\Java\jdk-16.0.1\bin\api-ms-win-crt-math-l1-1-0.dll
0x000007feef7f0000 - 0x000007feef7f3000 	C:\Program Files\Java\jdk-16.0.1\bin\api-ms-win-crt-locale-l1-1-0.dll
0x000007feff600000 - 0x000007feff62e000 	C:\Windows\system32\IMM32.DLL
0x000007feff410000 - 0x000007feff519000 	C:\Windows\system32\MSCTF.dll
0x000007feef7e0000 - 0x000007feef7ec000 	C:\Program Files\Java\jdk-16.0.1\bin\vcruntime140_1.dll
0x000007feeeb90000 - 0x000007feeec21000 	C:\Program Files\Java\jdk-16.0.1\bin\msvcp140.dll
0x000007feef7d0000 - 0x000007feef7d3000 	C:\Program Files\Java\jdk-16.0.1\bin\api-ms-win-crt-time-l1-1-0.dll
0x000007feef7c0000 - 0x000007feef7c3000 	C:\Program Files\Java\jdk-16.0.1\bin\api-ms-win-crt-utility-l1-1-0.dll
0x000007feeb180000 - 0x000007feebd2b000 	C:\Program Files\Java\jdk-16.0.1\bin\server\jvm.dll
0x000007feef7b0000 - 0x000007feef7b9000 	C:\Windows\system32\WSOCK32.dll
0x000007feffce0000 - 0x000007feffd2d000 	C:\Windows\system32\WS2_32.dll
0x000007feff910000 - 0x000007feff918000 	C:\Windows\system32\NSI.dll
0x000007fef9f20000 - 0x000007fef9f5b000 	C:\Windows\system32\WINMM.dll
0x0000000077df0000 - 0x0000000077df7000 	C:\Windows\system32\PSAPI.DLL
0x000007feeeb80000 - 0x000007feeeb8a000 	C:\Program Files\Java\jdk-16.0.1\bin\jimage.dll
0x000007fef5320000 - 0x000007fef5445000 	C:\Windows\system32\DBGHELP.DLL
0x000007feeeb50000 - 0x000007feeeb75000 	C:\Program Files\Java\jdk-16.0.1\bin\java.dll
0x000007fefe300000 - 0x000007feff08a000 	C:\Windows\system32\SHELL32.dll
0x000007fefdfa0000 - 0x000007fefe19c000 	C:\Windows\system32\ole32.dll
0x000007fefd9f0000 - 0x000007fefd9ff000 	C:\Windows\system32\profapi.dll
0x000007fef0050000 - 0x000007fef0069000 	C:\Program Files\Java\jdk-16.0.1\bin\net.dll
0x000007fef9fd0000 - 0x000007fefa041000 	C:\Windows\system32\WINHTTP.dll
0x000007fef9f60000 - 0x000007fef9fc5000 	C:\Windows\system32\webio.dll
0x000007fefd120000 - 0x000007fefd175000 	C:\Windows\system32\mswsock.dll
0x000007fefd110000 - 0x000007fefd117000 	C:\Windows\System32\wship6.dll
0x000007feeea70000 - 0x000007feeea83000 	C:\Program Files\Java\jdk-16.0.1\bin\nio.dll

dbghelp: loaded successfully - version: 4.0.5 - missing functions: none
symbol engine: initialized successfully - sym options: 0x614 - pdb path: .;C:\Program Files\Java\jdk-16.0.1\bin;C:\Windows\SYSTEM32;C:\Windows\WinSxS\amd64_microsoft.windows.common-controls_6595b64144ccf1df_6.0.7601.18837_none_fa3b1e3d17594757;C:\Program Files\Java\jdk-16.0.1\bin\server

VM Arguments:
jvm_args: -Dapplication.home=C:\Program Files\Java\jdk-16.0.1 --add-modules=ALL-DEFAULT -Xms8m -Djdk.module.main=jdk.compiler 
java_command: jdk.compiler/com.sun.tools.javac.Main prime.java
java_class_path (initial): <not set>
Launcher Type: SUN_STANDARD

[Global flags]
     intx CICompilerCount                          = 2                                         {product} {ergonomic}
     uint ConcGCThreads                            = 1                                         {product} {ergonomic}
     uint G1ConcRefinementThreads                  = 2                                         {product} {ergonomic}
   size_t G1HeapRegionSize                         = 1048576                                   {product} {ergonomic}
    uintx GCDrainStackTargetSize                   = 64                                        {product} {ergonomic}
   size_t InitialHeapSize                          = 8388608                                   {product} {command line}
   size_t MarkStackSize                            = 4194304                                   {product} {ergonomic}
   size_t MaxHeapSize                              = 1073741824                                {product} {ergonomic}
   size_t MaxNewSize                               = 643825664                                 {product} {ergonomic}
   size_t MinHeapDeltaBytes                        = 1048576                                   {product} {ergonomic}
   size_t MinHeapSize                              = 8388608                                   {product} {command line}
    uintx NonNMethodCodeHeapSize                   = 5826188                                {pd product} {ergonomic}
    uintx NonProfiledCodeHeapSize                  = 122916026                              {pd product} {ergonomic}
    uintx ProfiledCodeHeapSize                     = 122916026                              {pd product} {ergonomic}
    uintx ReservedCodeCacheSize                    = 251658240                              {pd product} {ergonomic}
     bool SegmentedCodeCache                       = true                                      {product} {ergonomic}
   size_t SoftMaxHeapSize                          = 1073741824                             {manageable} {ergonomic}
     bool UseCompressedClassPointers               = true                           {product lp64_product} {ergonomic}
     bool UseCompressedOops                        = true                           {product lp64_product} {ergonomic}
     bool UseG1GC                                  = true                                      {product} {ergonomic}
     bool UseLargePagesIndividualAllocation        = false                                  {pd product} {ergonomic}

Logging:
Log output configuration:
 #0: stdout all=warning uptime,level,tags
 #1: stderr all=off uptime,level,tags

Environment Variables:
PATH=C:\Program Files\Common Files\Oracle\Java\javapath;C:\Program Files (x86)\Rockwell Software\RSCommon;C:\Windows\system32;C:\Windows;C:\Windows\System32\Wbem;C:\Windows\System32\WindowsPowerShell\v1.0\;C:\Program Files (x86)\NVIDIA Corporation\PhysX\Common;C:\Program Files\Git\cmd;C:\Program Files (x86)\Common Files\Rockwell\;C:\Program Files\PuTTY\;C:\Program Files\Calibre2\;C:\MinGW\bin;;C:\Users\MD ABUBAKAR\AppData\Local\Programs\Microsoft VS Code\bin
USERNAME=MD ABUBAKAR
LANG=en_US.UTF-8
OS=Windows_NT
PROCESSOR_IDENTIFIER=Intel64 Family 6 Model 23 Stepping 6, GenuineIntel



---------------  S Y S T E M  ---------------

OS:
 Windows 7 , 64 bit Build 7601 (6.1.7601.24384)
OS uptime: 0 days 0:45 hours

CPU: total 2 (initial active 2) (2 cores per cpu, 1 threads per core) family 6 model 23 stepping 6 microcode 0x0, cx8, cmov, fxsr, mmx, sse, sse2, sse3, ssse3, sse4.1, tsc, clflush

Memory: 4k page, system-wide physical 4094M (1724M free)
TotalPageFile size 8186M (AvailPageFile size 4731M)
current process WorkingSet (physical memory assigned to process): 55M, peak: 55M
current process commit charge ("private bytes"): 88M, peak: 88M

vm_info: Java HotSpot(TM) 64-Bit Server VM (16.0.1+9-24) for windows-amd64 JRE (16.0.1+9-24), built on Mar 26 2021 19:31:42 by "mach5one" with MS VC++ 16.7 (VS2019)

END.
